2020-01-12 16:37:45,847 - elsapy.elsclient - INFO - Module loaded.
2020-01-12 16:37:45,848 - elsapy.elsentity - INFO - Module loaded.
2020-01-12 16:37:45,849 - elsapy.utils - INFO - Module loaded.
2020-01-12 16:37:45,850 - elsapy.elsprofile - INFO - Module loaded.
2020-01-12 16:37:45,851 - elsapy.elsdoc - INFO - Module loaded.
2020-01-12 16:37:45,852 - elsapy.elssearch - INFO - Module loaded.
2020-01-12 17:02:39,303 - elsapy.elsclient - INFO - Module loaded.
2020-01-12 17:02:39,315 - elsapy.elsentity - INFO - Module loaded.
2020-01-12 17:02:39,328 - elsapy.utils - INFO - Module loaded.
2020-01-12 17:02:39,330 - elsapy.elsprofile - INFO - Module loaded.
2020-01-12 17:02:39,332 - elsapy.elsdoc - INFO - Module loaded.
2020-01-12 17:02:39,342 - elsapy.elssearch - INFO - Module loaded.
2020-01-12 17:04:40,998 - elsapy.elsclient - INFO - Module loaded.
2020-01-12 17:04:41,010 - elsapy.elsentity - INFO - Module loaded.
2020-01-12 17:04:41,022 - elsapy.utils - INFO - Module loaded.
2020-01-12 17:04:41,023 - elsapy.elsprofile - INFO - Module loaded.
2020-01-12 17:04:41,027 - elsapy.elsdoc - INFO - Module loaded.
2020-01-12 17:04:41,035 - elsapy.elssearch - INFO - Module loaded.
2020-01-12 17:05:10,804 - elsapy.elsclient - INFO - Module loaded.
2020-01-12 17:05:10,805 - elsapy.elsentity - INFO - Module loaded.
2020-01-12 17:05:10,806 - elsapy.utils - INFO - Module loaded.
2020-01-12 17:05:10,806 - elsapy.elsprofile - INFO - Module loaded.
2020-01-12 17:05:10,807 - elsapy.elsdoc - INFO - Module loaded.
2020-01-12 17:05:10,808 - elsapy.elssearch - INFO - Module loaded.
2020-01-12 17:15:28,363 - elsapy.elsclient - INFO - Module loaded.
2020-01-12 17:15:28,365 - elsapy.elsentity - INFO - Module loaded.
2020-01-12 17:15:28,366 - elsapy.utils - INFO - Module loaded.
2020-01-12 17:15:28,366 - elsapy.elsprofile - INFO - Module loaded.
2020-01-12 17:15:28,367 - elsapy.elsdoc - INFO - Module loaded.
2020-01-12 17:15:28,368 - elsapy.elssearch - INFO - Module loaded.
2020-01-12 17:21:31,371 - elsapy.elsclient - INFO - Module loaded.
2020-01-12 17:21:31,372 - elsapy.elsentity - INFO - Module loaded.
2020-01-12 17:21:31,373 - elsapy.utils - INFO - Module loaded.
2020-01-12 17:21:31,374 - elsapy.elsprofile - INFO - Module loaded.
2020-01-12 17:21:31,374 - elsapy.elsdoc - INFO - Module loaded.
2020-01-12 17:21:31,375 - elsapy.elssearch - INFO - Module loaded.
2020-01-12 17:34:01,115 - elsapy.elsclient - INFO - Module loaded.
2020-01-12 17:34:01,116 - elsapy.elsentity - INFO - Module loaded.
2020-01-12 17:34:01,117 - elsapy.utils - INFO - Module loaded.
2020-01-12 17:34:01,118 - elsapy.elsprofile - INFO - Module loaded.
2020-01-12 17:34:01,118 - elsapy.elsdoc - INFO - Module loaded.
2020-01-12 17:34:01,120 - elsapy.elssearch - INFO - Module loaded.
2020-01-12 17:34:02,117 - elsapy.elsclient - INFO - Sending GET request to https://api.elsevier.com/content/search/scopus?query=heart+attack
2020-01-12 17:34:04,186 - elsapy.utils - INFO - Converting prism:coverDate
2020-01-12 17:35:35,494 - elsapy.elsclient - INFO - Module loaded.
2020-01-12 17:35:35,496 - elsapy.elsentity - INFO - Module loaded.
2020-01-12 17:35:35,497 - elsapy.utils - INFO - Module loaded.
2020-01-12 17:35:35,497 - elsapy.elsprofile - INFO - Module loaded.
2020-01-12 17:35:35,498 - elsapy.elsdoc - INFO - Module loaded.
2020-01-12 17:35:35,499 - elsapy.elssearch - INFO - Module loaded.
2020-01-12 17:35:36,497 - elsapy.elsclient - INFO - Sending GET request to https://api.elsevier.com/content/search/scopus?query=heart+attack
2020-01-12 17:35:38,722 - elsapy.utils - INFO - Converting prism:coverDate
2020-01-12 17:36:23,276 - elsapy.elsclient - INFO - Module loaded.
2020-01-12 17:36:23,278 - elsapy.elsentity - INFO - Module loaded.
2020-01-12 17:36:23,278 - elsapy.utils - INFO - Module loaded.
2020-01-12 17:36:23,279 - elsapy.elsprofile - INFO - Module loaded.
2020-01-12 17:36:23,280 - elsapy.elsdoc - INFO - Module loaded.
2020-01-12 17:36:23,280 - elsapy.elssearch - INFO - Module loaded.
2020-01-12 17:36:24,278 - elsapy.elsclient - INFO - Sending GET request to https://api.elsevier.com/content/search/scopus?query=heart+attack
2020-01-12 17:36:25,830 - elsapy.utils - INFO - Converting prism:coverDate
2020-01-12 17:36:38,537 - elsapy.elsclient - INFO - Module loaded.
2020-01-12 17:36:38,538 - elsapy.elsentity - INFO - Module loaded.
2020-01-12 17:36:38,539 - elsapy.utils - INFO - Module loaded.
2020-01-12 17:36:38,539 - elsapy.elsprofile - INFO - Module loaded.
2020-01-12 17:36:38,540 - elsapy.elsdoc - INFO - Module loaded.
2020-01-12 17:36:38,541 - elsapy.elssearch - INFO - Module loaded.
2020-01-12 17:36:39,537 - elsapy.elsclient - INFO - Sending GET request to https://api.elsevier.com/content/search/scopus?query=heart+attack
2020-01-12 17:36:41,664 - elsapy.utils - INFO - Converting prism:coverDate
2020-01-12 17:36:50,693 - elsapy.elsclient - INFO - Module loaded.
2020-01-12 17:36:50,695 - elsapy.elsentity - INFO - Module loaded.
2020-01-12 17:36:50,695 - elsapy.utils - INFO - Module loaded.
2020-01-12 17:36:50,696 - elsapy.elsprofile - INFO - Module loaded.
2020-01-12 17:36:50,697 - elsapy.elsdoc - INFO - Module loaded.
2020-01-12 17:36:50,698 - elsapy.elssearch - INFO - Module loaded.
2020-01-12 17:36:51,695 - elsapy.elsclient - INFO - Sending GET request to https://api.elsevier.com/content/search/scopus?query=heart+attack
2020-01-12 17:36:53,203 - elsapy.utils - INFO - Converting prism:coverDate
2020-01-12 17:53:07,353 - elsapy.elsclient - INFO - Module loaded.
2020-01-12 17:53:07,355 - elsapy.elsentity - INFO - Module loaded.
2020-01-12 17:53:07,356 - elsapy.utils - INFO - Module loaded.
2020-01-12 17:53:07,357 - elsapy.elsprofile - INFO - Module loaded.
2020-01-12 17:53:07,358 - elsapy.elsdoc - INFO - Module loaded.
2020-01-12 17:53:07,359 - elsapy.elssearch - INFO - Module loaded.
2020-01-12 17:53:08,354 - elsapy.elsclient - INFO - Sending GET request to https://api.elsevier.com/content/search/scopus?query=heart+attack
2020-01-12 17:53:10,231 - elsapy.utils - INFO - Converting prism:coverDate
2020-01-12 18:09:14,340 - elsapy.elsclient - INFO - Module loaded.
2020-01-12 18:09:14,341 - elsapy.elsentity - INFO - Module loaded.
2020-01-12 18:09:14,342 - elsapy.utils - INFO - Module loaded.
2020-01-12 18:09:14,342 - elsapy.elsprofile - INFO - Module loaded.
2020-01-12 18:09:14,343 - elsapy.elsdoc - INFO - Module loaded.
2020-01-12 18:09:14,344 - elsapy.elssearch - INFO - Module loaded.
2020-01-12 18:10:02,009 - elsapy.elsclient - INFO - Module loaded.
2020-01-12 18:10:02,010 - elsapy.elsentity - INFO - Module loaded.
2020-01-12 18:10:02,011 - elsapy.utils - INFO - Module loaded.
2020-01-12 18:10:02,012 - elsapy.elsprofile - INFO - Module loaded.
2020-01-12 18:10:02,012 - elsapy.elsdoc - INFO - Module loaded.
2020-01-12 18:10:02,013 - elsapy.elssearch - INFO - Module loaded.
2020-01-12 18:10:23,220 - elsapy.elsclient - INFO - Module loaded.
2020-01-12 18:10:23,221 - elsapy.elsentity - INFO - Module loaded.
2020-01-12 18:10:23,222 - elsapy.utils - INFO - Module loaded.
2020-01-12 18:10:23,222 - elsapy.elsprofile - INFO - Module loaded.
2020-01-12 18:10:23,223 - elsapy.elsdoc - INFO - Module loaded.
2020-01-12 18:10:23,224 - elsapy.elssearch - INFO - Module loaded.
2020-01-12 18:11:47,099 - elsapy.elsclient - INFO - Module loaded.
2020-01-12 18:11:47,100 - elsapy.elsentity - INFO - Module loaded.
2020-01-12 18:11:47,101 - elsapy.utils - INFO - Module loaded.
2020-01-12 18:11:47,102 - elsapy.elsprofile - INFO - Module loaded.
2020-01-12 18:11:47,103 - elsapy.elsdoc - INFO - Module loaded.
2020-01-12 18:11:47,103 - elsapy.elssearch - INFO - Module loaded.
2020-01-12 18:14:35,394 - elsapy.elsclient - INFO - Module loaded.
2020-01-12 18:14:35,395 - elsapy.elsentity - INFO - Module loaded.
2020-01-12 18:14:35,396 - elsapy.utils - INFO - Module loaded.
2020-01-12 18:14:35,397 - elsapy.elsprofile - INFO - Module loaded.
2020-01-12 18:14:35,399 - elsapy.elsdoc - INFO - Module loaded.
2020-01-12 18:14:35,400 - elsapy.elssearch - INFO - Module loaded.
2020-01-12 18:15:36,221 - elsapy.elsclient - INFO - Module loaded.
2020-01-12 18:15:36,222 - elsapy.elsentity - INFO - Module loaded.
2020-01-12 18:15:36,224 - elsapy.utils - INFO - Module loaded.
2020-01-12 18:15:36,224 - elsapy.elsprofile - INFO - Module loaded.
2020-01-12 18:15:36,224 - elsapy.elsdoc - INFO - Module loaded.
2020-01-12 18:15:36,225 - elsapy.elssearch - INFO - Module loaded.
2020-01-12 18:17:22,473 - elsapy.elsclient - INFO - Module loaded.
2020-01-12 18:17:22,474 - elsapy.elsentity - INFO - Module loaded.
2020-01-12 18:17:22,475 - elsapy.utils - INFO - Module loaded.
2020-01-12 18:17:22,475 - elsapy.elsprofile - INFO - Module loaded.
2020-01-12 18:17:22,476 - elsapy.elsdoc - INFO - Module loaded.
2020-01-12 18:17:22,477 - elsapy.elssearch - INFO - Module loaded.
2020-01-12 18:18:19,575 - elsapy.elsclient - INFO - Module loaded.
2020-01-12 18:18:19,577 - elsapy.elsentity - INFO - Module loaded.
2020-01-12 18:18:19,578 - elsapy.utils - INFO - Module loaded.
2020-01-12 18:18:19,578 - elsapy.elsprofile - INFO - Module loaded.
2020-01-12 18:18:19,579 - elsapy.elsdoc - INFO - Module loaded.
2020-01-12 18:18:19,580 - elsapy.elssearch - INFO - Module loaded.
2020-01-12 18:19:08,391 - elsapy.elsclient - INFO - Module loaded.
2020-01-12 18:19:08,392 - elsapy.elsentity - INFO - Module loaded.
2020-01-12 18:19:08,393 - elsapy.utils - INFO - Module loaded.
2020-01-12 18:19:08,393 - elsapy.elsprofile - INFO - Module loaded.
2020-01-12 18:19:08,395 - elsapy.elsdoc - INFO - Module loaded.
2020-01-12 18:19:08,396 - elsapy.elssearch - INFO - Module loaded.
2020-01-12 18:19:19,988 - elsapy.elsclient - INFO - Module loaded.
2020-01-12 18:19:19,989 - elsapy.elsentity - INFO - Module loaded.
2020-01-12 18:19:19,990 - elsapy.utils - INFO - Module loaded.
2020-01-12 18:19:19,991 - elsapy.elsprofile - INFO - Module loaded.
2020-01-12 18:19:19,991 - elsapy.elsdoc - INFO - Module loaded.
2020-01-12 18:19:19,992 - elsapy.elssearch - INFO - Module loaded.
2020-01-12 18:24:01,932 - elsapy.elsclient - INFO - Module loaded.
2020-01-12 18:24:01,934 - elsapy.elsentity - INFO - Module loaded.
2020-01-12 18:24:01,935 - elsapy.utils - INFO - Module loaded.
2020-01-12 18:24:01,935 - elsapy.elsprofile - INFO - Module loaded.
2020-01-12 18:24:01,936 - elsapy.elsdoc - INFO - Module loaded.
2020-01-12 18:24:01,937 - elsapy.elssearch - INFO - Module loaded.
2020-01-12 18:24:13,367 - elsapy.elsclient - INFO - Module loaded.
2020-01-12 18:24:13,369 - elsapy.elsentity - INFO - Module loaded.
2020-01-12 18:24:13,370 - elsapy.utils - INFO - Module loaded.
2020-01-12 18:24:13,370 - elsapy.elsprofile - INFO - Module loaded.
2020-01-12 18:24:13,371 - elsapy.elsdoc - INFO - Module loaded.
2020-01-12 18:24:13,372 - elsapy.elssearch - INFO - Module loaded.
2020-01-12 18:25:09,590 - elsapy.elsclient - INFO - Module loaded.
2020-01-12 18:25:09,592 - elsapy.elsentity - INFO - Module loaded.
2020-01-12 18:25:09,593 - elsapy.utils - INFO - Module loaded.
2020-01-12 18:25:09,593 - elsapy.elsprofile - INFO - Module loaded.
2020-01-12 18:25:09,594 - elsapy.elsdoc - INFO - Module loaded.
2020-01-12 18:25:09,595 - elsapy.elssearch - INFO - Module loaded.
2020-01-12 18:28:29,851 - elsapy.elsclient - INFO - Module loaded.
2020-01-12 18:28:29,853 - elsapy.elsentity - INFO - Module loaded.
2020-01-12 18:28:29,854 - elsapy.utils - INFO - Module loaded.
2020-01-12 18:28:29,854 - elsapy.elsprofile - INFO - Module loaded.
2020-01-12 18:28:29,855 - elsapy.elsdoc - INFO - Module loaded.
2020-01-12 18:28:29,856 - elsapy.elssearch - INFO - Module loaded.
2020-01-12 18:28:58,676 - elsapy.elsclient - INFO - Module loaded.
2020-01-12 18:28:58,678 - elsapy.elsentity - INFO - Module loaded.
2020-01-12 18:28:58,679 - elsapy.utils - INFO - Module loaded.
2020-01-12 18:28:58,679 - elsapy.elsprofile - INFO - Module loaded.
2020-01-12 18:28:58,680 - elsapy.elsdoc - INFO - Module loaded.
2020-01-12 18:28:58,681 - elsapy.elssearch - INFO - Module loaded.
2020-01-12 18:31:51,426 - elsapy.elsclient - INFO - Module loaded.
2020-01-12 18:31:51,428 - elsapy.elsentity - INFO - Module loaded.
2020-01-12 18:31:51,429 - elsapy.utils - INFO - Module loaded.
2020-01-12 18:31:51,429 - elsapy.elsprofile - INFO - Module loaded.
2020-01-12 18:31:51,430 - elsapy.elsdoc - INFO - Module loaded.
2020-01-12 18:31:51,431 - elsapy.elssearch - INFO - Module loaded.
2020-01-12 18:32:13,152 - elsapy.elsclient - INFO - Module loaded.
2020-01-12 18:32:13,156 - elsapy.elsentity - INFO - Module loaded.
2020-01-12 18:32:13,158 - elsapy.utils - INFO - Module loaded.
2020-01-12 18:32:13,159 - elsapy.elsprofile - INFO - Module loaded.
2020-01-12 18:32:13,161 - elsapy.elsdoc - INFO - Module loaded.
2020-01-12 18:32:13,163 - elsapy.elssearch - INFO - Module loaded.
2020-01-12 18:33:15,902 - elsapy.elsclient - INFO - Module loaded.
2020-01-12 18:33:15,906 - elsapy.elsentity - INFO - Module loaded.
2020-01-12 18:33:15,906 - elsapy.utils - INFO - Module loaded.
2020-01-12 18:33:15,907 - elsapy.elsprofile - INFO - Module loaded.
2020-01-12 18:33:15,908 - elsapy.elsdoc - INFO - Module loaded.
2020-01-12 18:33:15,909 - elsapy.elssearch - INFO - Module loaded.
2020-01-12 18:33:31,669 - elsapy.elsclient - INFO - Module loaded.
2020-01-12 18:33:31,672 - elsapy.elsentity - INFO - Module loaded.
2020-01-12 18:33:31,673 - elsapy.utils - INFO - Module loaded.
2020-01-12 18:33:31,673 - elsapy.elsprofile - INFO - Module loaded.
2020-01-12 18:33:31,674 - elsapy.elsdoc - INFO - Module loaded.
2020-01-12 18:33:31,676 - elsapy.elssearch - INFO - Module loaded.
2020-01-12 18:33:44,442 - elsapy.elsclient - INFO - Module loaded.
2020-01-12 18:33:44,444 - elsapy.elsentity - INFO - Module loaded.
2020-01-12 18:33:44,445 - elsapy.utils - INFO - Module loaded.
2020-01-12 18:33:44,445 - elsapy.elsprofile - INFO - Module loaded.
2020-01-12 18:33:44,446 - elsapy.elsdoc - INFO - Module loaded.
2020-01-12 18:33:44,447 - elsapy.elssearch - INFO - Module loaded.
2020-01-12 18:34:12,191 - elsapy.elsclient - INFO - Module loaded.
2020-01-12 18:34:12,192 - elsapy.elsentity - INFO - Module loaded.
2020-01-12 18:34:12,193 - elsapy.utils - INFO - Module loaded.
2020-01-12 18:34:12,193 - elsapy.elsprofile - INFO - Module loaded.
2020-01-12 18:34:12,194 - elsapy.elsdoc - INFO - Module loaded.
2020-01-12 18:34:12,195 - elsapy.elssearch - INFO - Module loaded.
2020-01-12 18:34:41,655 - elsapy.elsclient - INFO - Module loaded.
2020-01-12 18:34:41,656 - elsapy.elsentity - INFO - Module loaded.
2020-01-12 18:34:41,657 - elsapy.utils - INFO - Module loaded.
2020-01-12 18:34:41,658 - elsapy.elsprofile - INFO - Module loaded.
2020-01-12 18:34:41,658 - elsapy.elsdoc - INFO - Module loaded.
2020-01-12 18:34:41,659 - elsapy.elssearch - INFO - Module loaded.
2020-01-12 18:35:10,230 - elsapy.elsclient - INFO - Module loaded.
2020-01-12 18:35:10,231 - elsapy.elsentity - INFO - Module loaded.
2020-01-12 18:35:10,232 - elsapy.utils - INFO - Module loaded.
2020-01-12 18:35:10,232 - elsapy.elsprofile - INFO - Module loaded.
2020-01-12 18:35:10,233 - elsapy.elsdoc - INFO - Module loaded.
2020-01-12 18:35:10,234 - elsapy.elssearch - INFO - Module loaded.
2020-01-12 18:35:13,726 - elsapy.elsclient - INFO - Module loaded.
2020-01-12 18:35:13,728 - elsapy.elsentity - INFO - Module loaded.
2020-01-12 18:35:13,729 - elsapy.utils - INFO - Module loaded.
2020-01-12 18:35:13,729 - elsapy.elsprofile - INFO - Module loaded.
2020-01-12 18:35:13,730 - elsapy.elsdoc - INFO - Module loaded.
2020-01-12 18:35:13,731 - elsapy.elssearch - INFO - Module loaded.
2020-01-12 18:35:20,807 - elsapy.elsclient - INFO - Module loaded.
2020-01-12 18:35:20,808 - elsapy.elsentity - INFO - Module loaded.
2020-01-12 18:35:20,809 - elsapy.utils - INFO - Module loaded.
2020-01-12 18:35:20,809 - elsapy.elsprofile - INFO - Module loaded.
2020-01-12 18:35:20,810 - elsapy.elsdoc - INFO - Module loaded.
2020-01-12 18:35:20,811 - elsapy.elssearch - INFO - Module loaded.
2020-01-12 18:36:37,238 - elsapy.elsclient - INFO - Module loaded.
2020-01-12 18:36:37,239 - elsapy.elsentity - INFO - Module loaded.
2020-01-12 18:36:37,239 - elsapy.utils - INFO - Module loaded.
2020-01-12 18:36:37,239 - elsapy.elsprofile - INFO - Module loaded.
2020-01-12 18:36:37,241 - elsapy.elsdoc - INFO - Module loaded.
2020-01-12 18:36:37,241 - elsapy.elssearch - INFO - Module loaded.
2020-01-12 18:36:47,073 - elsapy.elsclient - INFO - Module loaded.
2020-01-12 18:36:47,074 - elsapy.elsentity - INFO - Module loaded.
2020-01-12 18:36:47,075 - elsapy.utils - INFO - Module loaded.
2020-01-12 18:36:47,076 - elsapy.elsprofile - INFO - Module loaded.
2020-01-12 18:36:47,077 - elsapy.elsdoc - INFO - Module loaded.
2020-01-12 18:36:47,079 - elsapy.elssearch - INFO - Module loaded.
2020-01-12 18:37:59,675 - elsapy.elsclient - INFO - Module loaded.
2020-01-12 18:37:59,677 - elsapy.elsentity - INFO - Module loaded.
2020-01-12 18:37:59,678 - elsapy.utils - INFO - Module loaded.
2020-01-12 18:37:59,678 - elsapy.elsprofile - INFO - Module loaded.
2020-01-12 18:37:59,679 - elsapy.elsdoc - INFO - Module loaded.
2020-01-12 18:37:59,680 - elsapy.elssearch - INFO - Module loaded.
2020-01-12 18:40:50,455 - elsapy.elsclient - INFO - Module loaded.
2020-01-12 18:40:50,458 - elsapy.elsentity - INFO - Module loaded.
2020-01-12 18:40:50,458 - elsapy.utils - INFO - Module loaded.
2020-01-12 18:40:50,459 - elsapy.elsprofile - INFO - Module loaded.
2020-01-12 18:40:50,460 - elsapy.elsdoc - INFO - Module loaded.
2020-01-12 18:40:50,461 - elsapy.elssearch - INFO - Module loaded.
2020-01-12 18:40:54,410 - elsapy.elsclient - INFO - Module loaded.
2020-01-12 18:40:54,412 - elsapy.elsentity - INFO - Module loaded.
2020-01-12 18:40:54,413 - elsapy.utils - INFO - Module loaded.
2020-01-12 18:40:54,413 - elsapy.elsprofile - INFO - Module loaded.
2020-01-12 18:40:54,414 - elsapy.elsdoc - INFO - Module loaded.
2020-01-12 18:40:54,415 - elsapy.elssearch - INFO - Module loaded.
2020-01-12 18:43:13,963 - elsapy.elsclient - INFO - Module loaded.
2020-01-12 18:43:13,964 - elsapy.elsentity - INFO - Module loaded.
2020-01-12 18:43:13,965 - elsapy.utils - INFO - Module loaded.
2020-01-12 18:43:13,966 - elsapy.elsprofile - INFO - Module loaded.
2020-01-12 18:43:13,967 - elsapy.elsdoc - INFO - Module loaded.
2020-01-12 18:43:13,968 - elsapy.elssearch - INFO - Module loaded.
2020-01-12 18:45:57,219 - elsapy.elsclient - INFO - Module loaded.
2020-01-12 18:45:57,220 - elsapy.elsentity - INFO - Module loaded.
2020-01-12 18:45:57,221 - elsapy.utils - INFO - Module loaded.
2020-01-12 18:45:57,222 - elsapy.elsprofile - INFO - Module loaded.
2020-01-12 18:45:57,223 - elsapy.elsdoc - INFO - Module loaded.
2020-01-12 18:45:57,223 - elsapy.elssearch - INFO - Module loaded.
2020-01-12 18:46:19,727 - elsapy.elsclient - INFO - Module loaded.
2020-01-12 18:46:19,729 - elsapy.elsentity - INFO - Module loaded.
2020-01-12 18:46:19,729 - elsapy.utils - INFO - Module loaded.
2020-01-12 18:46:19,730 - elsapy.elsprofile - INFO - Module loaded.
2020-01-12 18:46:19,731 - elsapy.elsdoc - INFO - Module loaded.
2020-01-12 18:46:19,732 - elsapy.elssearch - INFO - Module loaded.
2020-01-12 18:46:32,438 - elsapy.elsclient - INFO - Module loaded.
2020-01-12 18:46:32,440 - elsapy.elsentity - INFO - Module loaded.
2020-01-12 18:46:32,441 - elsapy.utils - INFO - Module loaded.
2020-01-12 18:46:32,441 - elsapy.elsprofile - INFO - Module loaded.
2020-01-12 18:46:32,442 - elsapy.elsdoc - INFO - Module loaded.
2020-01-12 18:46:32,443 - elsapy.elssearch - INFO - Module loaded.
2020-01-12 18:48:49,142 - elsapy.elsclient - INFO - Module loaded.
2020-01-12 18:48:49,144 - elsapy.elsentity - INFO - Module loaded.
2020-01-12 18:48:49,144 - elsapy.utils - INFO - Module loaded.
2020-01-12 18:48:49,145 - elsapy.elsprofile - INFO - Module loaded.
2020-01-12 18:48:49,146 - elsapy.elsdoc - INFO - Module loaded.
2020-01-12 18:48:49,146 - elsapy.elssearch - INFO - Module loaded.
2020-01-12 18:48:52,389 - elsapy.elsclient - INFO - Module loaded.
2020-01-12 18:48:52,390 - elsapy.elsentity - INFO - Module loaded.
2020-01-12 18:48:52,391 - elsapy.utils - INFO - Module loaded.
2020-01-12 18:48:52,391 - elsapy.elsprofile - INFO - Module loaded.
2020-01-12 18:48:52,392 - elsapy.elsdoc - INFO - Module loaded.
2020-01-12 18:48:52,393 - elsapy.elssearch - INFO - Module loaded.
2020-01-12 18:49:39,822 - elsapy.elsclient - INFO - Module loaded.
2020-01-12 18:49:39,823 - elsapy.elsentity - INFO - Module loaded.
2020-01-12 18:49:39,824 - elsapy.utils - INFO - Module loaded.
2020-01-12 18:49:39,824 - elsapy.elsprofile - INFO - Module loaded.
2020-01-12 18:49:39,825 - elsapy.elsdoc - INFO - Module loaded.
2020-01-12 18:49:39,826 - elsapy.elssearch - INFO - Module loaded.
2020-01-12 18:50:23,816 - elsapy.elsclient - INFO - Module loaded.
2020-01-12 18:50:23,818 - elsapy.elsentity - INFO - Module loaded.
2020-01-12 18:50:23,819 - elsapy.utils - INFO - Module loaded.
2020-01-12 18:50:23,819 - elsapy.elsprofile - INFO - Module loaded.
2020-01-12 18:50:23,819 - elsapy.elsdoc - INFO - Module loaded.
2020-01-12 18:50:23,821 - elsapy.elssearch - INFO - Module loaded.
2020-01-12 18:51:26,923 - elsapy.elsclient - INFO - Module loaded.
2020-01-12 18:51:26,925 - elsapy.elsentity - INFO - Module loaded.
2020-01-12 18:51:26,926 - elsapy.utils - INFO - Module loaded.
2020-01-12 18:51:26,926 - elsapy.elsprofile - INFO - Module loaded.
2020-01-12 18:51:26,927 - elsapy.elsdoc - INFO - Module loaded.
2020-01-12 18:51:26,928 - elsapy.elssearch - INFO - Module loaded.
2020-01-12 18:52:10,767 - elsapy.elsclient - INFO - Module loaded.
2020-01-12 18:52:10,768 - elsapy.elsentity - INFO - Module loaded.
2020-01-12 18:52:10,769 - elsapy.utils - INFO - Module loaded.
2020-01-12 18:52:10,769 - elsapy.elsprofile - INFO - Module loaded.
2020-01-12 18:52:10,770 - elsapy.elsdoc - INFO - Module loaded.
2020-01-12 18:52:10,771 - elsapy.elssearch - INFO - Module loaded.
2020-01-12 18:52:41,986 - elsapy.elsclient - INFO - Module loaded.
2020-01-12 18:52:41,988 - elsapy.elsentity - INFO - Module loaded.
2020-01-12 18:52:41,989 - elsapy.utils - INFO - Module loaded.
2020-01-12 18:52:41,990 - elsapy.elsprofile - INFO - Module loaded.
2020-01-12 18:52:41,991 - elsapy.elsdoc - INFO - Module loaded.
2020-01-12 18:52:41,992 - elsapy.elssearch - INFO - Module loaded.
2020-01-12 18:54:56,038 - elsapy.elsclient - INFO - Module loaded.
2020-01-12 18:54:56,039 - elsapy.elsentity - INFO - Module loaded.
2020-01-12 18:54:56,040 - elsapy.utils - INFO - Module loaded.
2020-01-12 18:54:56,040 - elsapy.elsprofile - INFO - Module loaded.
2020-01-12 18:54:56,041 - elsapy.elsdoc - INFO - Module loaded.
2020-01-12 18:54:56,042 - elsapy.elssearch - INFO - Module loaded.
2020-01-12 18:56:44,594 - elsapy.elsclient - INFO - Module loaded.
2020-01-12 18:56:44,595 - elsapy.elsentity - INFO - Module loaded.
2020-01-12 18:56:44,596 - elsapy.utils - INFO - Module loaded.
2020-01-12 18:56:44,596 - elsapy.elsprofile - INFO - Module loaded.
2020-01-12 18:56:44,597 - elsapy.elsdoc - INFO - Module loaded.
2020-01-12 18:56:44,598 - elsapy.elssearch - INFO - Module loaded.
2020-01-12 18:56:48,459 - elsapy.elsclient - INFO - Module loaded.
2020-01-12 18:56:48,461 - elsapy.elsentity - INFO - Module loaded.
2020-01-12 18:56:48,461 - elsapy.utils - INFO - Module loaded.
2020-01-12 18:56:48,462 - elsapy.elsprofile - INFO - Module loaded.
2020-01-12 18:56:48,463 - elsapy.elsdoc - INFO - Module loaded.
2020-01-12 18:56:48,463 - elsapy.elssearch - INFO - Module loaded.
2020-01-12 18:57:13,140 - elsapy.elsclient - INFO - Module loaded.
2020-01-12 18:57:13,141 - elsapy.elsentity - INFO - Module loaded.
2020-01-12 18:57:13,142 - elsapy.utils - INFO - Module loaded.
2020-01-12 18:57:13,143 - elsapy.elsprofile - INFO - Module loaded.
2020-01-12 18:57:13,143 - elsapy.elsdoc - INFO - Module loaded.
2020-01-12 18:57:13,144 - elsapy.elssearch - INFO - Module loaded.
2020-01-12 18:57:36,392 - elsapy.elsclient - INFO - Module loaded.
2020-01-12 18:57:36,393 - elsapy.elsentity - INFO - Module loaded.
2020-01-12 18:57:36,394 - elsapy.utils - INFO - Module loaded.
2020-01-12 18:57:36,394 - elsapy.elsprofile - INFO - Module loaded.
2020-01-12 18:57:36,395 - elsapy.elsdoc - INFO - Module loaded.
2020-01-12 18:57:36,396 - elsapy.elssearch - INFO - Module loaded.
2020-01-12 18:58:06,266 - elsapy.elsclient - INFO - Module loaded.
2020-01-12 18:58:06,268 - elsapy.elsentity - INFO - Module loaded.
2020-01-12 18:58:06,269 - elsapy.utils - INFO - Module loaded.
2020-01-12 18:58:06,269 - elsapy.elsprofile - INFO - Module loaded.
2020-01-12 18:58:06,271 - elsapy.elsdoc - INFO - Module loaded.
2020-01-12 18:58:06,272 - elsapy.elssearch - INFO - Module loaded.
2020-01-12 18:58:49,953 - elsapy.elsclient - INFO - Module loaded.
2020-01-12 18:58:49,976 - elsapy.elsentity - INFO - Module loaded.
2020-01-12 18:58:49,977 - elsapy.utils - INFO - Module loaded.
2020-01-12 18:58:49,978 - elsapy.elsprofile - INFO - Module loaded.
2020-01-12 18:58:49,979 - elsapy.elsdoc - INFO - Module loaded.
2020-01-12 18:58:49,980 - elsapy.elssearch - INFO - Module loaded.
2020-01-12 18:59:14,973 - elsapy.elsclient - INFO - Module loaded.
2020-01-12 18:59:14,975 - elsapy.elsentity - INFO - Module loaded.
2020-01-12 18:59:14,976 - elsapy.utils - INFO - Module loaded.
2020-01-12 18:59:14,976 - elsapy.elsprofile - INFO - Module loaded.
2020-01-12 18:59:14,977 - elsapy.elsdoc - INFO - Module loaded.
2020-01-12 18:59:14,978 - elsapy.elssearch - INFO - Module loaded.
2020-01-12 18:59:21,164 - elsapy.elsclient - INFO - Module loaded.
2020-01-12 18:59:21,165 - elsapy.elsentity - INFO - Module loaded.
2020-01-12 18:59:21,166 - elsapy.utils - INFO - Module loaded.
2020-01-12 18:59:21,166 - elsapy.elsprofile - INFO - Module loaded.
2020-01-12 18:59:21,167 - elsapy.elsdoc - INFO - Module loaded.
2020-01-12 18:59:21,168 - elsapy.elssearch - INFO - Module loaded.
2020-01-12 20:08:46,924 - elsapy.elsclient - INFO - Module loaded.
2020-01-12 20:08:46,944 - elsapy.elsentity - INFO - Module loaded.
2020-01-12 20:08:46,946 - elsapy.utils - INFO - Module loaded.
2020-01-12 20:08:46,947 - elsapy.elsprofile - INFO - Module loaded.
2020-01-12 20:08:46,950 - elsapy.elsdoc - INFO - Module loaded.
2020-01-12 20:08:46,952 - elsapy.elssearch - INFO - Module loaded.
2020-01-12 20:09:01,646 - elsapy.elsclient - INFO - Module loaded.
2020-01-12 20:09:01,648 - elsapy.elsentity - INFO - Module loaded.
2020-01-12 20:09:01,649 - elsapy.utils - INFO - Module loaded.
2020-01-12 20:09:01,649 - elsapy.elsprofile - INFO - Module loaded.
2020-01-12 20:09:01,650 - elsapy.elsdoc - INFO - Module loaded.
2020-01-12 20:09:01,651 - elsapy.elssearch - INFO - Module loaded.
2020-01-12 20:09:10,498 - elsapy.elsclient - INFO - Module loaded.
2020-01-12 20:09:10,500 - elsapy.elsentity - INFO - Module loaded.
2020-01-12 20:09:10,501 - elsapy.utils - INFO - Module loaded.
2020-01-12 20:09:10,502 - elsapy.elsprofile - INFO - Module loaded.
2020-01-12 20:09:10,503 - elsapy.elsdoc - INFO - Module loaded.
2020-01-12 20:09:10,504 - elsapy.elssearch - INFO - Module loaded.
