2020-01-13 16:05:02,572 - elsapy.elsclient - INFO - Module loaded.
2020-01-13 16:05:02,574 - elsapy.elsentity - INFO - Module loaded.
2020-01-13 16:05:02,575 - elsapy.utils - INFO - Module loaded.
2020-01-13 16:05:02,575 - elsapy.elsprofile - INFO - Module loaded.
2020-01-13 16:05:02,576 - elsapy.elsdoc - INFO - Module loaded.
2020-01-13 16:05:02,577 - elsapy.elssearch - INFO - Module loaded.
2020-01-13 16:05:28,704 - elsapy.elsclient - INFO - Module loaded.
2020-01-13 16:05:28,705 - elsapy.elsentity - INFO - Module loaded.
2020-01-13 16:05:28,706 - elsapy.utils - INFO - Module loaded.
2020-01-13 16:05:28,707 - elsapy.elsprofile - INFO - Module loaded.
2020-01-13 16:05:28,708 - elsapy.elsdoc - INFO - Module loaded.
2020-01-13 16:05:28,709 - elsapy.elssearch - INFO - Module loaded.
2020-01-13 16:06:02,275 - elsapy.elsclient - INFO - Module loaded.
2020-01-13 16:06:02,276 - elsapy.elsentity - INFO - Module loaded.
2020-01-13 16:06:02,277 - elsapy.utils - INFO - Module loaded.
2020-01-13 16:06:02,277 - elsapy.elsprofile - INFO - Module loaded.
2020-01-13 16:06:02,278 - elsapy.elsdoc - INFO - Module loaded.
2020-01-13 16:06:02,279 - elsapy.elssearch - INFO - Module loaded.
2020-01-13 16:37:15,427 - elsapy.elsclient - INFO - Module loaded.
2020-01-13 16:37:15,428 - elsapy.elsentity - INFO - Module loaded.
2020-01-13 16:37:15,429 - elsapy.utils - INFO - Module loaded.
2020-01-13 16:37:15,429 - elsapy.elsprofile - INFO - Module loaded.
2020-01-13 16:37:15,430 - elsapy.elsdoc - INFO - Module loaded.
2020-01-13 16:37:15,431 - elsapy.elssearch - INFO - Module loaded.
2020-01-13 16:37:16,427 - elsapy.elsclient - INFO - Sending GET request to https://api.elsevier.com/content/search/scopus?query=machine+learning
2020-01-13 16:37:18,440 - elsapy.utils - INFO - Converting prism:coverDate
2020-01-13 16:37:50,709 - elsapy.elsclient - INFO - Module loaded.
2020-01-13 16:37:50,711 - elsapy.elsentity - INFO - Module loaded.
2020-01-13 16:37:50,712 - elsapy.utils - INFO - Module loaded.
2020-01-13 16:37:50,712 - elsapy.elsprofile - INFO - Module loaded.
2020-01-13 16:37:50,713 - elsapy.elsdoc - INFO - Module loaded.
2020-01-13 16:37:50,714 - elsapy.elssearch - INFO - Module loaded.
2020-01-13 16:37:51,712 - elsapy.elsclient - INFO - Sending GET request to https://api.elsevier.com/content/search/scopus?query=machine+learning
2020-01-13 16:37:53,833 - elsapy.utils - INFO - Converting prism:coverDate
2020-01-13 16:38:20,214 - elsapy.elsclient - INFO - Module loaded.
2020-01-13 16:38:20,215 - elsapy.elsentity - INFO - Module loaded.
2020-01-13 16:38:20,216 - elsapy.utils - INFO - Module loaded.
2020-01-13 16:38:20,216 - elsapy.elsprofile - INFO - Module loaded.
2020-01-13 16:38:20,217 - elsapy.elsdoc - INFO - Module loaded.
2020-01-13 16:38:20,218 - elsapy.elssearch - INFO - Module loaded.
2020-01-13 16:38:21,216 - elsapy.elsclient - INFO - Sending GET request to https://api.elsevier.com/content/search/scopus?query=machine+learning
2020-01-13 16:38:22,913 - elsapy.utils - INFO - Converting prism:coverDate
2020-01-13 16:38:49,022 - elsapy.elsclient - INFO - Module loaded.
2020-01-13 16:38:49,024 - elsapy.elsentity - INFO - Module loaded.
2020-01-13 16:38:49,025 - elsapy.utils - INFO - Module loaded.
2020-01-13 16:38:49,026 - elsapy.elsprofile - INFO - Module loaded.
2020-01-13 16:38:49,027 - elsapy.elsdoc - INFO - Module loaded.
2020-01-13 16:38:49,028 - elsapy.elssearch - INFO - Module loaded.
2020-01-13 16:38:50,024 - elsapy.elsclient - INFO - Sending GET request to https://api.elsevier.com/content/search/scopus?query=machine+learning
2020-01-13 16:38:51,782 - elsapy.utils - INFO - Converting prism:coverDate
2020-01-13 16:39:34,387 - elsapy.elsclient - INFO - Module loaded.
2020-01-13 16:39:34,388 - elsapy.elsentity - INFO - Module loaded.
2020-01-13 16:39:34,389 - elsapy.utils - INFO - Module loaded.
2020-01-13 16:39:34,390 - elsapy.elsprofile - INFO - Module loaded.
2020-01-13 16:39:34,391 - elsapy.elsdoc - INFO - Module loaded.
2020-01-13 16:39:34,392 - elsapy.elssearch - INFO - Module loaded.
2020-01-13 16:39:35,388 - elsapy.elsclient - INFO - Sending GET request to https://api.elsevier.com/content/search/scopus?query=machine+learning
2020-01-13 16:39:37,172 - elsapy.utils - INFO - Converting prism:coverDate
2020-01-13 16:40:59,669 - elsapy.elsclient - INFO - Module loaded.
2020-01-13 16:40:59,671 - elsapy.elsentity - INFO - Module loaded.
2020-01-13 16:40:59,672 - elsapy.utils - INFO - Module loaded.
2020-01-13 16:40:59,672 - elsapy.elsprofile - INFO - Module loaded.
2020-01-13 16:40:59,673 - elsapy.elsdoc - INFO - Module loaded.
2020-01-13 16:40:59,674 - elsapy.elssearch - INFO - Module loaded.
2020-01-13 16:41:00,671 - elsapy.elsclient - INFO - Sending GET request to https://api.elsevier.com/content/search/scopus?query=machine+learning
2020-01-13 16:41:02,601 - elsapy.utils - INFO - Converting prism:coverDate
2020-01-13 16:49:06,442 - elsapy.elsclient - INFO - Module loaded.
2020-01-13 16:49:06,444 - elsapy.elsentity - INFO - Module loaded.
2020-01-13 16:49:06,445 - elsapy.utils - INFO - Module loaded.
2020-01-13 16:49:06,445 - elsapy.elsprofile - INFO - Module loaded.
2020-01-13 16:49:06,446 - elsapy.elsdoc - INFO - Module loaded.
2020-01-13 16:49:06,447 - elsapy.elssearch - INFO - Module loaded.
2020-01-13 16:49:07,444 - elsapy.elsclient - INFO - Sending GET request to https://api.elsevier.com/content/search/scopus?query=machine+learning
2020-01-13 16:49:09,624 - elsapy.utils - INFO - Converting prism:coverDate
2020-01-13 20:03:13,671 - elsapy.elsclient - INFO - Module loaded.
2020-01-13 20:03:13,672 - elsapy.elsentity - INFO - Module loaded.
2020-01-13 20:03:13,673 - elsapy.utils - INFO - Module loaded.
2020-01-13 20:03:13,673 - elsapy.elsprofile - INFO - Module loaded.
2020-01-13 20:03:13,674 - elsapy.elsdoc - INFO - Module loaded.
2020-01-13 20:03:13,675 - elsapy.elssearch - INFO - Module loaded.
2020-01-13 20:03:14,672 - elsapy.elsclient - INFO - Sending GET request to https://api.elsevier.com/content/search/scopus?query=machine+learning
2020-01-13 20:03:16,805 - elsapy.utils - INFO - Converting prism:coverDate
2020-01-13 20:05:09,627 - elsapy.elsclient - INFO - Module loaded.
2020-01-13 20:05:09,629 - elsapy.elsentity - INFO - Module loaded.
2020-01-13 20:05:09,629 - elsapy.utils - INFO - Module loaded.
2020-01-13 20:05:09,630 - elsapy.elsprofile - INFO - Module loaded.
2020-01-13 20:05:09,631 - elsapy.elsdoc - INFO - Module loaded.
2020-01-13 20:05:09,631 - elsapy.elssearch - INFO - Module loaded.
2020-01-13 20:05:10,639 - elsapy.elsclient - INFO - Sending GET request to https://api.elsevier.com/content/search/scopus?query=machine+learning
2020-01-13 20:05:12,468 - elsapy.utils - INFO - Converting prism:coverDate
2020-01-13 20:05:37,536 - elsapy.elsclient - INFO - Module loaded.
2020-01-13 20:05:37,536 - elsapy.elsentity - INFO - Module loaded.
2020-01-13 20:05:37,536 - elsapy.utils - INFO - Module loaded.
2020-01-13 20:05:37,536 - elsapy.elsprofile - INFO - Module loaded.
2020-01-13 20:05:37,536 - elsapy.elsdoc - INFO - Module loaded.
2020-01-13 20:05:37,536 - elsapy.elssearch - INFO - Module loaded.
2020-01-13 20:05:38,536 - elsapy.elsclient - INFO - Sending GET request to https://api.elsevier.com/content/search/scopus?query=machine+learning
2020-01-13 20:05:40,201 - elsapy.utils - INFO - Converting prism:coverDate
2020-01-13 20:06:26,291 - elsapy.elsclient - INFO - Module loaded.
2020-01-13 20:06:26,292 - elsapy.elsentity - INFO - Module loaded.
2020-01-13 20:06:26,293 - elsapy.utils - INFO - Module loaded.
2020-01-13 20:06:26,293 - elsapy.elsprofile - INFO - Module loaded.
2020-01-13 20:06:26,294 - elsapy.elsdoc - INFO - Module loaded.
2020-01-13 20:06:26,295 - elsapy.elssearch - INFO - Module loaded.
2020-01-13 20:06:27,296 - elsapy.elsclient - INFO - Sending GET request to https://api.elsevier.com/content/search/scopus?query=machine+learning
2020-01-13 20:06:29,114 - elsapy.utils - INFO - Converting prism:coverDate
2020-01-13 20:07:24,686 - elsapy.elsclient - INFO - Module loaded.
2020-01-13 20:07:24,688 - elsapy.elsentity - INFO - Module loaded.
2020-01-13 20:07:24,689 - elsapy.utils - INFO - Module loaded.
2020-01-13 20:07:24,690 - elsapy.elsprofile - INFO - Module loaded.
2020-01-13 20:07:24,691 - elsapy.elsdoc - INFO - Module loaded.
2020-01-13 20:07:24,692 - elsapy.elssearch - INFO - Module loaded.
2020-01-13 20:07:25,688 - elsapy.elsclient - INFO - Sending GET request to https://api.elsevier.com/content/search/scopus?query=machine+learning
2020-01-13 20:07:27,482 - elsapy.utils - INFO - Converting prism:coverDate
2020-01-13 20:08:07,239 - elsapy.elsclient - INFO - Module loaded.
2020-01-13 20:08:07,240 - elsapy.elsentity - INFO - Module loaded.
2020-01-13 20:08:07,241 - elsapy.utils - INFO - Module loaded.
2020-01-13 20:08:07,241 - elsapy.elsprofile - INFO - Module loaded.
2020-01-13 20:08:07,242 - elsapy.elsdoc - INFO - Module loaded.
2020-01-13 20:08:07,243 - elsapy.elssearch - INFO - Module loaded.
2020-01-13 20:08:08,240 - elsapy.elsclient - INFO - Sending GET request to https://api.elsevier.com/content/search/scopus?query=machine+learning
2020-01-13 20:08:09,925 - elsapy.utils - INFO - Converting prism:coverDate
2020-01-13 20:09:03,696 - elsapy.elsclient - INFO - Module loaded.
2020-01-13 20:09:03,697 - elsapy.elsentity - INFO - Module loaded.
2020-01-13 20:09:03,698 - elsapy.utils - INFO - Module loaded.
2020-01-13 20:09:03,698 - elsapy.elsprofile - INFO - Module loaded.
2020-01-13 20:09:03,699 - elsapy.elsdoc - INFO - Module loaded.
2020-01-13 20:09:03,700 - elsapy.elssearch - INFO - Module loaded.
2020-01-13 20:09:04,698 - elsapy.elsclient - INFO - Sending GET request to https://api.elsevier.com/content/search/scopus?query=machine+learning
2020-01-13 20:09:06,500 - elsapy.utils - INFO - Converting prism:coverDate
2020-01-13 20:09:35,596 - elsapy.elsclient - INFO - Module loaded.
2020-01-13 20:09:35,596 - elsapy.elsentity - INFO - Module loaded.
2020-01-13 20:09:35,596 - elsapy.utils - INFO - Module loaded.
2020-01-13 20:09:35,596 - elsapy.elsprofile - INFO - Module loaded.
2020-01-13 20:09:35,596 - elsapy.elsdoc - INFO - Module loaded.
2020-01-13 20:09:35,596 - elsapy.elssearch - INFO - Module loaded.
2020-01-13 20:09:36,600 - elsapy.elsclient - INFO - Sending GET request to https://api.elsevier.com/content/search/scopus?query=machine+learning
2020-01-13 20:09:38,149 - elsapy.utils - INFO - Converting prism:coverDate
2020-01-13 20:10:04,582 - elsapy.elsclient - INFO - Module loaded.
2020-01-13 20:10:04,584 - elsapy.elsentity - INFO - Module loaded.
2020-01-13 20:10:04,585 - elsapy.utils - INFO - Module loaded.
2020-01-13 20:10:04,585 - elsapy.elsprofile - INFO - Module loaded.
2020-01-13 20:10:04,586 - elsapy.elsdoc - INFO - Module loaded.
2020-01-13 20:10:04,587 - elsapy.elssearch - INFO - Module loaded.
2020-01-13 20:10:05,583 - elsapy.elsclient - INFO - Sending GET request to https://api.elsevier.com/content/search/scopus?query=machine+learning
2020-01-13 20:10:07,534 - elsapy.utils - INFO - Converting prism:coverDate
2020-01-13 20:10:18,160 - elsapy.elsclient - INFO - Module loaded.
2020-01-13 20:10:18,160 - elsapy.elsentity - INFO - Module loaded.
2020-01-13 20:10:18,160 - elsapy.utils - INFO - Module loaded.
2020-01-13 20:10:18,160 - elsapy.elsprofile - INFO - Module loaded.
2020-01-13 20:10:18,160 - elsapy.elsdoc - INFO - Module loaded.
2020-01-13 20:10:18,160 - elsapy.elssearch - INFO - Module loaded.
2020-01-13 20:10:19,161 - elsapy.elsclient - INFO - Sending GET request to https://api.elsevier.com/content/search/scopus?query=machine+learning
2020-01-13 20:10:20,873 - elsapy.utils - INFO - Converting prism:coverDate
2020-01-13 20:11:11,721 - elsapy.elsclient - INFO - Module loaded.
2020-01-13 20:11:11,721 - elsapy.elsentity - INFO - Module loaded.
2020-01-13 20:11:11,721 - elsapy.utils - INFO - Module loaded.
2020-01-13 20:11:11,721 - elsapy.elsprofile - INFO - Module loaded.
2020-01-13 20:11:11,721 - elsapy.elsdoc - INFO - Module loaded.
2020-01-13 20:11:11,721 - elsapy.elssearch - INFO - Module loaded.
2020-01-13 20:11:12,725 - elsapy.elsclient - INFO - Sending GET request to https://api.elsevier.com/content/search/scopus?query=machine+learning
2020-01-13 20:11:14,484 - elsapy.utils - INFO - Converting prism:coverDate
2020-01-13 20:12:35,887 - elsapy.elsclient - INFO - Module loaded.
2020-01-13 20:12:35,888 - elsapy.elsentity - INFO - Module loaded.
2020-01-13 20:12:35,889 - elsapy.utils - INFO - Module loaded.
2020-01-13 20:12:35,890 - elsapy.elsprofile - INFO - Module loaded.
2020-01-13 20:12:35,890 - elsapy.elsdoc - INFO - Module loaded.
2020-01-13 20:12:35,891 - elsapy.elssearch - INFO - Module loaded.
2020-01-13 20:12:36,896 - elsapy.elsclient - INFO - Sending GET request to https://api.elsevier.com/content/search/scopus?query=machine+learning
2020-01-13 20:12:38,798 - elsapy.utils - INFO - Converting prism:coverDate
2020-01-13 20:13:02,280 - elsapy.elsclient - INFO - Module loaded.
2020-01-13 20:13:02,282 - elsapy.elsentity - INFO - Module loaded.
2020-01-13 20:13:02,283 - elsapy.utils - INFO - Module loaded.
2020-01-13 20:13:02,283 - elsapy.elsprofile - INFO - Module loaded.
2020-01-13 20:13:02,284 - elsapy.elsdoc - INFO - Module loaded.
2020-01-13 20:13:02,285 - elsapy.elssearch - INFO - Module loaded.
2020-01-13 20:13:03,296 - elsapy.elsclient - INFO - Sending GET request to https://api.elsevier.com/content/search/scopus?query=machine+learning
2020-01-13 20:13:04,912 - elsapy.utils - INFO - Converting prism:coverDate
2020-01-13 20:14:05,369 - elsapy.elsclient - INFO - Module loaded.
2020-01-13 20:14:05,370 - elsapy.elsentity - INFO - Module loaded.
2020-01-13 20:14:05,371 - elsapy.utils - INFO - Module loaded.
2020-01-13 20:14:05,372 - elsapy.elsprofile - INFO - Module loaded.
2020-01-13 20:14:05,373 - elsapy.elsdoc - INFO - Module loaded.
2020-01-13 20:14:05,374 - elsapy.elssearch - INFO - Module loaded.
2020-01-13 20:14:06,371 - elsapy.elsclient - INFO - Sending GET request to https://api.elsevier.com/content/search/scopus?query=machine+learning
2020-01-13 20:14:08,363 - elsapy.utils - INFO - Converting prism:coverDate
2020-01-13 20:14:30,407 - elsapy.elsclient - INFO - Module loaded.
2020-01-13 20:14:30,407 - elsapy.elsentity - INFO - Module loaded.
2020-01-13 20:14:30,407 - elsapy.utils - INFO - Module loaded.
2020-01-13 20:14:30,407 - elsapy.elsprofile - INFO - Module loaded.
2020-01-13 20:14:30,407 - elsapy.elsdoc - INFO - Module loaded.
2020-01-13 20:14:30,407 - elsapy.elssearch - INFO - Module loaded.
2020-01-13 20:14:31,409 - elsapy.elsclient - INFO - Sending GET request to https://api.elsevier.com/content/search/scopus?query=machine+learning
2020-01-13 20:14:33,137 - elsapy.utils - INFO - Converting prism:coverDate
2020-01-13 20:15:48,694 - elsapy.elsclient - INFO - Module loaded.
2020-01-13 20:15:48,696 - elsapy.elsentity - INFO - Module loaded.
2020-01-13 20:15:48,697 - elsapy.utils - INFO - Module loaded.
2020-01-13 20:15:48,697 - elsapy.elsprofile - INFO - Module loaded.
2020-01-13 20:15:48,698 - elsapy.elsdoc - INFO - Module loaded.
2020-01-13 20:15:48,699 - elsapy.elssearch - INFO - Module loaded.
2020-01-13 20:15:49,695 - elsapy.elsclient - INFO - Sending GET request to https://api.elsevier.com/content/search/scopus?query=machine+learning
2020-01-13 20:15:51,622 - elsapy.utils - INFO - Converting prism:coverDate
2020-01-13 20:16:20,008 - elsapy.elsclient - INFO - Module loaded.
2020-01-13 20:16:20,009 - elsapy.elsentity - INFO - Module loaded.
2020-01-13 20:16:20,010 - elsapy.utils - INFO - Module loaded.
2020-01-13 20:16:20,010 - elsapy.elsprofile - INFO - Module loaded.
2020-01-13 20:16:20,011 - elsapy.elsdoc - INFO - Module loaded.
2020-01-13 20:16:20,012 - elsapy.elssearch - INFO - Module loaded.
2020-01-13 20:16:21,021 - elsapy.elsclient - INFO - Sending GET request to https://api.elsevier.com/content/search/scopus?query=machine+learning
2020-01-13 20:16:22,611 - elsapy.utils - INFO - Converting prism:coverDate
2020-01-13 20:18:16,635 - elsapy.elsclient - INFO - Module loaded.
2020-01-13 20:18:16,637 - elsapy.elsentity - INFO - Module loaded.
2020-01-13 20:18:16,637 - elsapy.utils - INFO - Module loaded.
2020-01-13 20:18:16,638 - elsapy.elsprofile - INFO - Module loaded.
2020-01-13 20:18:16,639 - elsapy.elsdoc - INFO - Module loaded.
2020-01-13 20:18:16,640 - elsapy.elssearch - INFO - Module loaded.
2020-01-13 20:18:17,637 - elsapy.elsclient - INFO - Sending GET request to https://api.elsevier.com/content/search/scopus?query=machine+learning
2020-01-13 20:18:19,612 - elsapy.utils - INFO - Converting prism:coverDate
2020-01-13 20:18:29,639 - elsapy.elsclient - INFO - Module loaded.
2020-01-13 20:18:29,640 - elsapy.elsentity - INFO - Module loaded.
2020-01-13 20:18:29,641 - elsapy.utils - INFO - Module loaded.
2020-01-13 20:18:29,642 - elsapy.elsprofile - INFO - Module loaded.
2020-01-13 20:18:29,643 - elsapy.elsdoc - INFO - Module loaded.
2020-01-13 20:18:29,643 - elsapy.elssearch - INFO - Module loaded.
2020-01-13 20:18:30,640 - elsapy.elsclient - INFO - Sending GET request to https://api.elsevier.com/content/search/scopus?query=machine+learning
2020-01-13 20:18:32,330 - elsapy.utils - INFO - Converting prism:coverDate
2020-01-13 20:18:49,463 - elsapy.elsclient - INFO - Module loaded.
2020-01-13 20:18:49,465 - elsapy.elsentity - INFO - Module loaded.
2020-01-13 20:18:49,465 - elsapy.utils - INFO - Module loaded.
2020-01-13 20:18:49,466 - elsapy.elsprofile - INFO - Module loaded.
2020-01-13 20:18:49,467 - elsapy.elsdoc - INFO - Module loaded.
2020-01-13 20:18:49,467 - elsapy.elssearch - INFO - Module loaded.
2020-01-13 20:18:50,464 - elsapy.elsclient - INFO - Sending GET request to https://api.elsevier.com/content/search/scopus?query=machine+learning
2020-01-13 20:18:52,200 - elsapy.utils - INFO - Converting prism:coverDate
2020-01-13 20:20:48,855 - elsapy.elsclient - INFO - Module loaded.
2020-01-13 20:20:48,857 - elsapy.elsentity - INFO - Module loaded.
2020-01-13 20:20:48,858 - elsapy.utils - INFO - Module loaded.
2020-01-13 20:20:48,858 - elsapy.elsprofile - INFO - Module loaded.
2020-01-13 20:20:48,859 - elsapy.elsdoc - INFO - Module loaded.
2020-01-13 20:20:48,860 - elsapy.elssearch - INFO - Module loaded.
2020-01-13 20:20:49,857 - elsapy.elsclient - INFO - Sending GET request to https://api.elsevier.com/content/search/scopus?query=machine+learning
2020-01-13 20:20:51,688 - elsapy.utils - INFO - Converting prism:coverDate
2020-01-13 20:22:20,483 - elsapy.elsclient - INFO - Module loaded.
2020-01-13 20:22:20,484 - elsapy.elsentity - INFO - Module loaded.
2020-01-13 20:22:20,485 - elsapy.utils - INFO - Module loaded.
2020-01-13 20:22:20,486 - elsapy.elsprofile - INFO - Module loaded.
2020-01-13 20:22:20,486 - elsapy.elsdoc - INFO - Module loaded.
2020-01-13 20:22:20,487 - elsapy.elssearch - INFO - Module loaded.
2020-01-13 20:22:21,485 - elsapy.elsclient - INFO - Sending GET request to https://api.elsevier.com/content/search/scopus?query=machine+learning
2020-01-13 20:22:23,312 - elsapy.utils - INFO - Converting prism:coverDate
2020-01-13 20:24:20,652 - elsapy.elsclient - INFO - Module loaded.
2020-01-13 20:24:20,652 - elsapy.elsentity - INFO - Module loaded.
2020-01-13 20:24:20,652 - elsapy.utils - INFO - Module loaded.
2020-01-13 20:24:20,652 - elsapy.elsprofile - INFO - Module loaded.
2020-01-13 20:24:20,652 - elsapy.elsdoc - INFO - Module loaded.
2020-01-13 20:24:20,652 - elsapy.elssearch - INFO - Module loaded.
2020-01-13 20:24:21,653 - elsapy.elsclient - INFO - Sending GET request to https://api.elsevier.com/content/search/scopus?query=machine+learning
2020-01-13 20:24:23,521 - elsapy.utils - INFO - Converting prism:coverDate
2020-01-13 20:24:44,833 - elsapy.elsclient - INFO - Module loaded.
2020-01-13 20:24:44,833 - elsapy.elsentity - INFO - Module loaded.
2020-01-13 20:24:44,833 - elsapy.utils - INFO - Module loaded.
2020-01-13 20:24:44,833 - elsapy.elsprofile - INFO - Module loaded.
2020-01-13 20:24:44,833 - elsapy.elsdoc - INFO - Module loaded.
2020-01-13 20:24:44,833 - elsapy.elssearch - INFO - Module loaded.
2020-01-13 20:24:45,833 - elsapy.elsclient - INFO - Sending GET request to https://api.elsevier.com/content/search/scopus?query=machine+learning
2020-01-13 20:24:47,694 - elsapy.utils - INFO - Converting prism:coverDate
2020-01-13 20:25:40,396 - elsapy.elsclient - INFO - Module loaded.
2020-01-13 20:25:40,397 - elsapy.elsentity - INFO - Module loaded.
2020-01-13 20:25:40,398 - elsapy.utils - INFO - Module loaded.
2020-01-13 20:25:40,398 - elsapy.elsprofile - INFO - Module loaded.
2020-01-13 20:25:40,399 - elsapy.elsdoc - INFO - Module loaded.
2020-01-13 20:25:40,400 - elsapy.elssearch - INFO - Module loaded.
2020-01-13 20:25:41,397 - elsapy.elsclient - INFO - Sending GET request to https://api.elsevier.com/content/search/scopus?query=machine+learning
2020-01-13 20:25:43,094 - elsapy.utils - INFO - Converting prism:coverDate
2020-01-13 20:25:56,178 - elsapy.elsclient - INFO - Module loaded.
2020-01-13 20:25:56,178 - elsapy.elsentity - INFO - Module loaded.
2020-01-13 20:25:56,178 - elsapy.utils - INFO - Module loaded.
2020-01-13 20:25:56,178 - elsapy.elsprofile - INFO - Module loaded.
2020-01-13 20:25:56,178 - elsapy.elsdoc - INFO - Module loaded.
2020-01-13 20:25:56,178 - elsapy.elssearch - INFO - Module loaded.
2020-01-13 20:25:57,185 - elsapy.elsclient - INFO - Sending GET request to https://api.elsevier.com/content/search/scopus?query=machine+learning
2020-01-13 20:25:59,008 - elsapy.utils - INFO - Converting prism:coverDate
2020-01-13 20:26:11,678 - elsapy.elsclient - INFO - Module loaded.
2020-01-13 20:26:11,693 - elsapy.elsentity - INFO - Module loaded.
2020-01-13 20:26:11,693 - elsapy.utils - INFO - Module loaded.
2020-01-13 20:26:11,693 - elsapy.elsprofile - INFO - Module loaded.
2020-01-13 20:26:11,693 - elsapy.elsdoc - INFO - Module loaded.
2020-01-13 20:26:11,693 - elsapy.elssearch - INFO - Module loaded.
2020-01-13 20:26:12,678 - elsapy.elsclient - INFO - Sending GET request to https://api.elsevier.com/content/search/scopus?query=machine+learning
2020-01-13 20:26:14,492 - elsapy.utils - INFO - Converting prism:coverDate
2020-01-13 20:26:24,386 - elsapy.elsclient - INFO - Module loaded.
2020-01-13 20:26:24,387 - elsapy.elsentity - INFO - Module loaded.
2020-01-13 20:26:24,388 - elsapy.utils - INFO - Module loaded.
2020-01-13 20:26:24,388 - elsapy.elsprofile - INFO - Module loaded.
2020-01-13 20:26:24,390 - elsapy.elsdoc - INFO - Module loaded.
2020-01-13 20:26:24,391 - elsapy.elssearch - INFO - Module loaded.
2020-01-13 20:26:25,387 - elsapy.elsclient - INFO - Sending GET request to https://api.elsevier.com/content/search/scopus?query=machine+learning
2020-01-13 20:26:26,997 - elsapy.utils - INFO - Converting prism:coverDate
2020-01-13 20:36:43,027 - elsapy.elsclient - INFO - Module loaded.
2020-01-13 20:36:43,027 - elsapy.elsentity - INFO - Module loaded.
2020-01-13 20:36:43,027 - elsapy.utils - INFO - Module loaded.
2020-01-13 20:36:43,027 - elsapy.elsprofile - INFO - Module loaded.
2020-01-13 20:36:43,027 - elsapy.elsdoc - INFO - Module loaded.
2020-01-13 20:36:43,027 - elsapy.elssearch - INFO - Module loaded.
2020-01-13 20:37:05,991 - elsapy.elsclient - INFO - Module loaded.
2020-01-13 20:37:05,993 - elsapy.elsentity - INFO - Module loaded.
2020-01-13 20:37:05,993 - elsapy.utils - INFO - Module loaded.
2020-01-13 20:37:05,994 - elsapy.elsprofile - INFO - Module loaded.
2020-01-13 20:37:05,995 - elsapy.elsdoc - INFO - Module loaded.
2020-01-13 20:37:05,995 - elsapy.elssearch - INFO - Module loaded.
2020-01-13 20:38:17,862 - elsapy.elsclient - INFO - Module loaded.
2020-01-13 20:38:17,862 - elsapy.elsentity - INFO - Module loaded.
2020-01-13 20:38:17,862 - elsapy.utils - INFO - Module loaded.
2020-01-13 20:38:17,862 - elsapy.elsprofile - INFO - Module loaded.
2020-01-13 20:38:17,862 - elsapy.elsdoc - INFO - Module loaded.
2020-01-13 20:38:17,862 - elsapy.elssearch - INFO - Module loaded.
2020-01-13 20:39:00,193 - elsapy.elsclient - INFO - Module loaded.
2020-01-13 20:39:00,194 - elsapy.elsentity - INFO - Module loaded.
2020-01-13 20:39:00,195 - elsapy.utils - INFO - Module loaded.
2020-01-13 20:39:00,195 - elsapy.elsprofile - INFO - Module loaded.
2020-01-13 20:39:00,196 - elsapy.elsdoc - INFO - Module loaded.
2020-01-13 20:39:00,197 - elsapy.elssearch - INFO - Module loaded.
2020-01-13 20:42:15,409 - elsapy.elsclient - INFO - Module loaded.
2020-01-13 20:42:15,410 - elsapy.elsentity - INFO - Module loaded.
2020-01-13 20:42:15,411 - elsapy.utils - INFO - Module loaded.
2020-01-13 20:42:15,412 - elsapy.elsprofile - INFO - Module loaded.
2020-01-13 20:42:15,413 - elsapy.elsdoc - INFO - Module loaded.
2020-01-13 20:42:15,413 - elsapy.elssearch - INFO - Module loaded.
2020-01-13 20:42:45,373 - elsapy.elsclient - INFO - Module loaded.
2020-01-13 20:42:45,373 - elsapy.elsentity - INFO - Module loaded.
2020-01-13 20:42:45,373 - elsapy.utils - INFO - Module loaded.
2020-01-13 20:42:45,373 - elsapy.elsprofile - INFO - Module loaded.
2020-01-13 20:42:45,373 - elsapy.elsdoc - INFO - Module loaded.
2020-01-13 20:42:45,373 - elsapy.elssearch - INFO - Module loaded.
2020-01-13 20:43:15,307 - elsapy.elsclient - INFO - Module loaded.
2020-01-13 20:43:15,309 - elsapy.elsentity - INFO - Module loaded.
2020-01-13 20:43:15,310 - elsapy.utils - INFO - Module loaded.
2020-01-13 20:43:15,310 - elsapy.elsprofile - INFO - Module loaded.
2020-01-13 20:43:15,311 - elsapy.elsdoc - INFO - Module loaded.
2020-01-13 20:43:15,312 - elsapy.elssearch - INFO - Module loaded.
2020-01-13 20:43:20,703 - elsapy.elsclient - INFO - Module loaded.
2020-01-13 20:43:20,705 - elsapy.elsentity - INFO - Module loaded.
2020-01-13 20:43:20,706 - elsapy.utils - INFO - Module loaded.
2020-01-13 20:43:20,706 - elsapy.elsprofile - INFO - Module loaded.
2020-01-13 20:43:20,707 - elsapy.elsdoc - INFO - Module loaded.
2020-01-13 20:43:20,708 - elsapy.elssearch - INFO - Module loaded.
2020-01-13 20:47:36,518 - elsapy.elsclient - INFO - Module loaded.
2020-01-13 20:47:36,520 - elsapy.elsentity - INFO - Module loaded.
2020-01-13 20:47:36,521 - elsapy.utils - INFO - Module loaded.
2020-01-13 20:47:36,521 - elsapy.elsprofile - INFO - Module loaded.
2020-01-13 20:47:36,522 - elsapy.elsdoc - INFO - Module loaded.
2020-01-13 20:47:36,523 - elsapy.elssearch - INFO - Module loaded.
2020-01-13 20:48:03,725 - elsapy.elsclient - INFO - Module loaded.
2020-01-13 20:48:03,727 - elsapy.elsentity - INFO - Module loaded.
2020-01-13 20:48:03,727 - elsapy.utils - INFO - Module loaded.
2020-01-13 20:48:03,728 - elsapy.elsprofile - INFO - Module loaded.
2020-01-13 20:48:03,729 - elsapy.elsdoc - INFO - Module loaded.
2020-01-13 20:48:03,730 - elsapy.elssearch - INFO - Module loaded.
2020-01-13 20:48:17,576 - elsapy.elsclient - INFO - Module loaded.
2020-01-13 20:48:17,576 - elsapy.elsentity - INFO - Module loaded.
2020-01-13 20:48:17,576 - elsapy.utils - INFO - Module loaded.
2020-01-13 20:48:17,576 - elsapy.elsprofile - INFO - Module loaded.
2020-01-13 20:48:17,576 - elsapy.elsdoc - INFO - Module loaded.
2020-01-13 20:48:17,576 - elsapy.elssearch - INFO - Module loaded.
2020-01-13 20:48:29,746 - elsapy.elsclient - INFO - Module loaded.
2020-01-13 20:48:29,746 - elsapy.elsentity - INFO - Module loaded.
2020-01-13 20:48:29,746 - elsapy.utils - INFO - Module loaded.
2020-01-13 20:48:29,746 - elsapy.elsprofile - INFO - Module loaded.
2020-01-13 20:48:29,746 - elsapy.elsdoc - INFO - Module loaded.
2020-01-13 20:48:29,746 - elsapy.elssearch - INFO - Module loaded.
2020-01-13 20:48:53,074 - elsapy.elsclient - INFO - Module loaded.
2020-01-13 20:48:53,076 - elsapy.elsentity - INFO - Module loaded.
2020-01-13 20:48:53,077 - elsapy.utils - INFO - Module loaded.
2020-01-13 20:48:53,077 - elsapy.elsprofile - INFO - Module loaded.
2020-01-13 20:48:53,078 - elsapy.elsdoc - INFO - Module loaded.
2020-01-13 20:48:53,079 - elsapy.elssearch - INFO - Module loaded.
2020-01-13 20:49:22,162 - elsapy.elsclient - INFO - Module loaded.
2020-01-13 20:49:22,162 - elsapy.elsentity - INFO - Module loaded.
2020-01-13 20:49:22,162 - elsapy.utils - INFO - Module loaded.
2020-01-13 20:49:22,162 - elsapy.elsprofile - INFO - Module loaded.
2020-01-13 20:49:22,162 - elsapy.elsdoc - INFO - Module loaded.
2020-01-13 20:49:22,162 - elsapy.elssearch - INFO - Module loaded.
2020-01-13 20:53:16,868 - elsapy.elsclient - INFO - Module loaded.
2020-01-13 20:53:16,870 - elsapy.elsentity - INFO - Module loaded.
2020-01-13 20:53:16,871 - elsapy.utils - INFO - Module loaded.
2020-01-13 20:53:16,871 - elsapy.elsprofile - INFO - Module loaded.
2020-01-13 20:53:16,872 - elsapy.elsdoc - INFO - Module loaded.
2020-01-13 20:53:16,873 - elsapy.elssearch - INFO - Module loaded.
2020-01-13 20:54:03,772 - elsapy.elsclient - INFO - Module loaded.
2020-01-13 20:54:03,772 - elsapy.elsentity - INFO - Module loaded.
2020-01-13 20:54:03,772 - elsapy.utils - INFO - Module loaded.
2020-01-13 20:54:03,772 - elsapy.elsprofile - INFO - Module loaded.
2020-01-13 20:54:03,772 - elsapy.elsdoc - INFO - Module loaded.
2020-01-13 20:54:03,772 - elsapy.elssearch - INFO - Module loaded.
2020-01-13 20:54:06,703 - elsapy.elsclient - INFO - Module loaded.
2020-01-13 20:54:06,703 - elsapy.elsentity - INFO - Module loaded.
2020-01-13 20:54:06,703 - elsapy.utils - INFO - Module loaded.
2020-01-13 20:54:06,703 - elsapy.elsprofile - INFO - Module loaded.
2020-01-13 20:54:06,703 - elsapy.elsdoc - INFO - Module loaded.
2020-01-13 20:54:06,703 - elsapy.elssearch - INFO - Module loaded.
2020-01-13 20:55:45,947 - elsapy.elsclient - INFO - Module loaded.
2020-01-13 20:55:45,948 - elsapy.elsentity - INFO - Module loaded.
2020-01-13 20:55:45,949 - elsapy.utils - INFO - Module loaded.
2020-01-13 20:55:45,949 - elsapy.elsprofile - INFO - Module loaded.
2020-01-13 20:55:45,951 - elsapy.elsdoc - INFO - Module loaded.
2020-01-13 20:55:45,952 - elsapy.elssearch - INFO - Module loaded.
2020-01-13 20:56:24,783 - elsapy.elsclient - INFO - Module loaded.
2020-01-13 20:56:24,785 - elsapy.elsentity - INFO - Module loaded.
2020-01-13 20:56:24,785 - elsapy.utils - INFO - Module loaded.
2020-01-13 20:56:24,786 - elsapy.elsprofile - INFO - Module loaded.
2020-01-13 20:56:24,787 - elsapy.elsdoc - INFO - Module loaded.
2020-01-13 20:56:24,788 - elsapy.elssearch - INFO - Module loaded.
2020-01-13 20:57:39,709 - elsapy.elsclient - INFO - Module loaded.
2020-01-13 20:57:39,711 - elsapy.elsentity - INFO - Module loaded.
2020-01-13 20:57:39,712 - elsapy.utils - INFO - Module loaded.
2020-01-13 20:57:39,712 - elsapy.elsprofile - INFO - Module loaded.
2020-01-13 20:57:39,713 - elsapy.elsdoc - INFO - Module loaded.
2020-01-13 20:57:39,714 - elsapy.elssearch - INFO - Module loaded.
2020-01-13 20:57:48,822 - elsapy.elsclient - INFO - Module loaded.
2020-01-13 20:57:48,824 - elsapy.elsentity - INFO - Module loaded.
2020-01-13 20:57:48,825 - elsapy.utils - INFO - Module loaded.
2020-01-13 20:57:48,825 - elsapy.elsprofile - INFO - Module loaded.
2020-01-13 20:57:48,826 - elsapy.elsdoc - INFO - Module loaded.
2020-01-13 20:57:48,827 - elsapy.elssearch - INFO - Module loaded.
2020-01-13 20:57:52,081 - elsapy.elsclient - INFO - Module loaded.
2020-01-13 20:57:52,081 - elsapy.elsentity - INFO - Module loaded.
2020-01-13 20:57:52,096 - elsapy.utils - INFO - Module loaded.
2020-01-13 20:57:52,096 - elsapy.elsprofile - INFO - Module loaded.
2020-01-13 20:57:52,096 - elsapy.elsdoc - INFO - Module loaded.
2020-01-13 20:57:52,096 - elsapy.elssearch - INFO - Module loaded.
2020-01-13 20:57:58,580 - elsapy.elsclient - INFO - Module loaded.
2020-01-13 20:57:58,581 - elsapy.elsentity - INFO - Module loaded.
2020-01-13 20:57:58,582 - elsapy.utils - INFO - Module loaded.
2020-01-13 20:57:58,583 - elsapy.elsprofile - INFO - Module loaded.
2020-01-13 20:57:58,584 - elsapy.elsdoc - INFO - Module loaded.
2020-01-13 20:57:58,585 - elsapy.elssearch - INFO - Module loaded.
2020-01-13 20:58:01,811 - elsapy.elsclient - INFO - Module loaded.
2020-01-13 20:58:01,811 - elsapy.elsentity - INFO - Module loaded.
2020-01-13 20:58:01,811 - elsapy.utils - INFO - Module loaded.
2020-01-13 20:58:01,811 - elsapy.elsprofile - INFO - Module loaded.
2020-01-13 20:58:01,811 - elsapy.elsdoc - INFO - Module loaded.
2020-01-13 20:58:01,811 - elsapy.elssearch - INFO - Module loaded.
2020-01-13 20:58:11,732 - elsapy.elsclient - INFO - Module loaded.
2020-01-13 20:58:11,732 - elsapy.elsentity - INFO - Module loaded.
2020-01-13 20:58:11,732 - elsapy.utils - INFO - Module loaded.
2020-01-13 20:58:11,732 - elsapy.elsprofile - INFO - Module loaded.
2020-01-13 20:58:11,732 - elsapy.elsdoc - INFO - Module loaded.
2020-01-13 20:58:11,732 - elsapy.elssearch - INFO - Module loaded.
2020-01-13 20:58:14,637 - elsapy.elsclient - INFO - Module loaded.
2020-01-13 20:58:14,638 - elsapy.elsentity - INFO - Module loaded.
2020-01-13 20:58:14,639 - elsapy.utils - INFO - Module loaded.
2020-01-13 20:58:14,640 - elsapy.elsprofile - INFO - Module loaded.
2020-01-13 20:58:14,641 - elsapy.elsdoc - INFO - Module loaded.
2020-01-13 20:58:14,642 - elsapy.elssearch - INFO - Module loaded.
2020-01-13 20:59:26,384 - elsapy.elsclient - INFO - Module loaded.
2020-01-13 20:59:26,386 - elsapy.elsentity - INFO - Module loaded.
2020-01-13 20:59:26,387 - elsapy.utils - INFO - Module loaded.
2020-01-13 20:59:26,387 - elsapy.elsprofile - INFO - Module loaded.
2020-01-13 20:59:26,388 - elsapy.elsdoc - INFO - Module loaded.
2020-01-13 20:59:26,389 - elsapy.elssearch - INFO - Module loaded.
2020-01-13 20:59:29,155 - elsapy.elsclient - INFO - Module loaded.
2020-01-13 20:59:29,155 - elsapy.elsentity - INFO - Module loaded.
2020-01-13 20:59:29,155 - elsapy.utils - INFO - Module loaded.
2020-01-13 20:59:29,155 - elsapy.elsprofile - INFO - Module loaded.
2020-01-13 20:59:29,155 - elsapy.elsdoc - INFO - Module loaded.
2020-01-13 20:59:29,155 - elsapy.elssearch - INFO - Module loaded.
